\BOOKMARK [-1][-]{part.1}{I\040Introduction}{}% 1
\BOOKMARK [0][-]{chapter.1}{C/C++\040Programming\040Language}{part.1}% 2
\BOOKMARK [1][-]{section.1.1}{Programming\040Language}{chapter.1}% 3
\BOOKMARK [2][-]{subsection.1.1.1}{Programming\040Language\040and\040Natural\040Language}{section.1.1}% 4
\BOOKMARK [2][-]{subsection.1.1.2}{Source\040File}{section.1.1}% 5
\BOOKMARK [2][-]{subsection.1.1.3}{Compile\040and\040Interpret}{section.1.1}% 6
\BOOKMARK [1][-]{section.1.2}{C/C++\040Language}{chapter.1}% 7
\BOOKMARK [2][-]{subsection.1.2.1}{Source\040File\040and\040Header\040File}{section.1.2}% 8
\BOOKMARK [2][-]{subsection.1.2.2}{Compiler\040for\040C/C++}{section.1.2}% 9
\BOOKMARK [1][-]{section.1.3}{IDE\040\(Intergrated\040Development\040Environment\)}{chapter.1}% 10
\BOOKMARK [2][-]{subsection.1.3.1}{Code::Blocks}{section.1.3}% 11
\BOOKMARK [1][-]{section.1.4}{Run\040on\040Your\040PC}{chapter.1}% 12
\BOOKMARK [2][-]{subsection.1.4.1}{IDE\040and\040Compiler\040Installation}{section.1.4}% 13
\BOOKMARK [2][-]{subsection.1.4.2}{Test}{section.1.4}% 14
\BOOKMARK [-1][-]{part.2}{II\040Getting\040Started}{}% 15
\BOOKMARK [0][-]{chapter.2}{Basic\040Concepts}{part.2}% 16
\BOOKMARK [1][-]{section.2.1}{Data\040Type}{chapter.2}% 17
\BOOKMARK [2][-]{subsection.2.1.1}{Fundamental\040Data\040Type}{section.2.1}% 18
\BOOKMARK [2][-]{subsection.2.1.2}{Derived\040Data\040Type}{section.2.1}% 19
\BOOKMARK [1][-]{section.2.2}{Keyword}{chapter.2}% 20
\BOOKMARK [1][-]{section.2.3}{Identifier}{chapter.2}% 21
\BOOKMARK [1][-]{section.2.4}{Variable}{chapter.2}% 22
\BOOKMARK [1][-]{section.2.5}{Statement}{chapter.2}% 23
\BOOKMARK [2][-]{subsection.2.5.1}{Branching\040Statements}{section.2.5}% 24
\BOOKMARK [2][-]{subsection.2.5.2}{Iteration\040Statements}{section.2.5}% 25
\BOOKMARK [2][-]{subsection.2.5.3}{Jump\040Statements}{section.2.5}% 26
\BOOKMARK [1][-]{section.2.6}{Operand\040and\040Operator}{chapter.2}% 27
\BOOKMARK [0][-]{chapter.3}{Structure\040of\040a\040C/C++\040Program}{part.2}% 28
\BOOKMARK [1][-]{section.3.1}{Including\040the\040Header\040Files}{chapter.3}% 29
\BOOKMARK [1][-]{section.3.2}{The\040main\040Function}{chapter.3}% 30
\BOOKMARK [1][-]{section.3.3}{Comments}{chapter.3}% 31
\BOOKMARK [0][-]{chapter.4}{Basic\040Syntaxes}{part.2}% 32
\BOOKMARK [1][-]{section.4.1}{Value\040and\040Literal}{chapter.4}% 33
\BOOKMARK [2][-]{subsection.4.1.1}{Integer\040Literal}{section.4.1}% 34
\BOOKMARK [2][-]{subsection.4.1.2}{Character\040Literal}{section.4.1}% 35
\BOOKMARK [2][-]{subsection.4.1.3}{Floating\040Point\040Number\040Literal}{section.4.1}% 36
\BOOKMARK [1][-]{section.4.2}{Variables}{chapter.4}% 37
\BOOKMARK [2][-]{subsection.4.2.1}{Declaration}{section.4.2}% 38
\BOOKMARK [2][-]{subsection.4.2.2}{Assignment}{section.4.2}% 39
\BOOKMARK [2][-]{subsection.4.2.3}{Usage}{section.4.2}% 40
\BOOKMARK [1][-]{section.4.3}{Operator}{chapter.4}% 41
\BOOKMARK [2][-]{subsection.4.3.1}{Arithmetic\040Operator}{section.4.3}% 42
\BOOKMARK [2][-]{subsection.4.3.2}{Relational\040Operator}{section.4.3}% 43
\BOOKMARK [2][-]{subsection.4.3.3}{Logical\040Operator}{section.4.3}% 44
